\BOOKMARK [0][-]{chapter.2}{Einleitung}{}% 1
\BOOKMARK [1][-]{section.3}{Motivation und Aufgabenstellung}{chapter.2}% 2
\BOOKMARK [1][-]{section.4}{Aufbau und Kapitel\374bersicht}{chapter.2}% 3
\BOOKMARK [0][-]{chapter.5}{Theoretischer Teil}{}% 4
\BOOKMARK [1][-]{section.6}{Begriffsdefinition}{chapter.5}% 5
\BOOKMARK [1][-]{section.7}{Mobility Header}{chapter.5}% 6
\BOOKMARK [2][-]{subsection.11}{Home Address Option}{section.7}% 7
\BOOKMARK [1][-]{section.12}{Routing Header Type 2}{chapter.5}% 8
\BOOKMARK [1][-]{section.14}{Funktionsweise}{chapter.5}% 9
\BOOKMARK [2][-]{subsection.15}{Bidirectional Tunneling}{section.14}% 10
\BOOKMARK [2][-]{subsection.17}{Route Optimization}{section.14}% 11
\BOOKMARK [1][-]{section.19}{Vergleich Mobile IPv4 zu Mobile IPv6}{chapter.5}% 12
\BOOKMARK [2][-]{subsection.21}{Funktionsweise Mobile IPv4}{section.19}% 13
\BOOKMARK [2][-]{subsection.22}{Unterschiede}{section.19}% 14
\BOOKMARK [0][-]{chapter.24}{Praktischer Teil}{}% 15
\BOOKMARK [1][-]{section.25}{Verwendete Materialien}{chapter.24}% 16
\BOOKMARK [1][-]{section.26}{Physischer Aufbau}{chapter.24}% 17
\BOOKMARK [1][-]{section.27}{Analyse der Hardware und Software}{chapter.24}% 18
\BOOKMARK [2][-]{subsection.28}{Analyse des WLAN Interfaces}{section.27}% 19
\BOOKMARK [2][-]{subsection.29}{Analyse des Routers}{section.27}% 20
\BOOKMARK [2][-]{subsection.30}{Auswahl des IOS}{section.27}% 21
\BOOKMARK [2][-]{subsection.32}{Analyse der Endger\344te}{section.27}% 22
\BOOKMARK [1][-]{section.33}{Implementierung}{chapter.24}% 23
\BOOKMARK [2][-]{subsection.34}{Grundaufbau}{section.33}% 24
\BOOKMARK [2][-]{subsection.37}{WLAN Ansatz}{section.33}% 25
\BOOKMARK [2][-]{subsection.42}{LAN Ansatz}{section.33}% 26
\BOOKMARK [2][-]{subsection.60}{NEMO Ansatz}{section.33}% 27
\BOOKMARK [0][-]{chapter.108}{Zusammenfassung und Ausblick}{}% 28
\BOOKMARK [0][-]{chapter.108}{Literaturverzeichnis}{}% 29
\BOOKMARK [0][-]{chapter*.109}{Abk\374rzungsverzeichnis }{}% 30
\BOOKMARK [0][-]{chapter*.111}{Abbildungsverzeichnis}{}% 31
\BOOKMARK [0][-]{chapter*.112}{Tabellenverzeichnis}{}% 32
\BOOKMARK [0][-]{chapter*.113}{Quellcodeverzeichnis}{}% 33
